<?xml version="1.0" encoding="utf-8"?><testsuites name="pytest tests"><testsuite name="pytest" errors="0" failures="1" skipped="0" tests="353" time="577.162" timestamp="2026-04-28T19:27:34.479420+02:00" hostname="WafhienPC"><testcase classname="SimulationCore.tests.assertions.test_p105_construction" name="test_p105_construction_suite" time="8.419" /><testcase classname="SimulationCore.tests.assertions.test_p10_multiplayer" name="test_p10_multiplayer_suite" time="2.926" /><testcase classname="SimulationCore.tests.assertions.test_p112_corp_ai" name="test_p112_corp_ai_suite" time="15.969" /><testcase classname="SimulationCore.tests.assertions.test_p113_gm" name="test_p113_gm_suite" time="9.449" /><testcase classname="SimulationCore.tests.assertions.test_p115_ecology" name="test_p115_ecology_suite" time="0.872" /><testcase classname="SimulationCore.tests.assertions.test_p12_hud_p3" name="test_tile_inspector_uxml_exists" time="0.000" /><testcase classname="SimulationCore.tests.assertions.test_p12_hud_p3" name="test_building_card_uxml_exists" time="0.001" /><testcase classname="SimulationCore.tests.assertions.test_p12_hud_p3" name="test_construction_card_uxml_exists" time="0.000" /><testcase classname="SimulationCore.tests.assertions.test_p12_hud_p3" name="test_tile_inspector_has_required_tabs" time="0.001" /><testcase classname="SimulationCore.tests.assertions.test_p12_hud_p3" name="test_tile_inspector_has_required_sections" time="0.000" /><testcase classname="SimulationCore.tests.assertions.test_p12_hud_p3" name="test_tile_inspector_has_market_tab" time="0.000" /><testcase classname="SimulationCore.tests.assertions.test_p12_hud_p3" name="test_tile_inspector_has_contracts_tab" time="0.000" /><testcase classname="SimulationCore.tests.assertions.test_p12_hud_p3" name="test_gamehud_controller_exists" time="0.000" /><testcase classname="SimulationCore.tests.assertions.test_p12_hud_p3" name="test_gamehud_controller_has_new_methods" time="0.000" /><testcase classname="SimulationCore.tests.assertions.test_p12_hud_p3" name="test_gamehud_controller_has_new_references" time="0.000" /><testcase classname="SimulationCore.tests.assertions.test_p12_hud_p4" name="test_event_feed_uxml_exists" time="0.000" /><testcase classname="SimulationCore.tests.assertions.test_p12_hud_p4" name="test_tooltip_uxml_exists" time="0.000" /><testcase classname="SimulationCore.tests.assertions.test_p12_hud_p4" name="test_event_popup_uxml_exists" time="0.000" /><testcase classname="SimulationCore.tests.assertions.test_p12_hud_p4" name="test_event_feed_uxml_structure" time="0.000" /><testcase classname="SimulationCore.tests.assertions.test_p12_hud_p4" name="test_event_feed_uxml_references_base_uss" time="0.000" /><testcase classname="SimulationCore.tests.assertions.test_p12_hud_p4" name="test_tooltip_uxml_structure" time="0.000" /><testcase classname="SimulationCore.tests.assertions.test_p12_hud_p4" name="test_tooltip_picking_mode_ignore" time="0.000" /><testcase classname="SimulationCore.tests.assertions.test_p12_hud_p4" name="test_event_popup_uxml_structure" time="0.000" /><testcase classname="SimulationCore.tests.assertions.test_p12_hud_p4" name="test_event_popup_picking_mode_ignore" time="0.000" /><testcase classname="SimulationCore.tests.assertions.test_p12_hud_p4" name="test_base_uss_event_popup_style" time="0.000" /><testcase classname="SimulationCore.tests.assertions.test_p12_hud_p4" name="test_base_uss_event_feed_bottom_left" time="0.000" /><testcase classname="SimulationCore.tests.assertions.test_p12_hud_p4" name="test_controller_template_fields" time="0.000" /><testcase classname="SimulationCore.tests.assertions.test_p12_hud_p4" name="test_controller_build_methods" time="0.000" /><testcase classname="SimulationCore.tests.assertions.test_p12_hud_p4" name="test_controller_event_popup_fields" time="0.000" /><testcase classname="SimulationCore.tests.assertions.test_p12_hud_p5" name="test_debug_drawer_uxml_exists" time="0.000" /><testcase classname="SimulationCore.tests.assertions.test_p12_hud_p5" name="test_debug_drawer_uxml_root_element" time="0.000" /><testcase classname="SimulationCore.tests.assertions.test_p12_hud_p5" name="test_debug_drawer_uxml_btn_projection" time="0.000" /><testcase classname="SimulationCore.tests.assertions.test_p12_hud_p5" name="test_debug_drawer_uxml_btn_ownership" time="0.000" /><testcase classname="SimulationCore.tests.assertions.test_p12_hud_p5" name="test_debug_drawer_uxml_btn_corps" time="0.000" /><testcase classname="SimulationCore.tests.assertions.test_p12_hud_p5" name="test_debug_drawer_uxml_status_label" time="0.000" /><testcase classname="SimulationCore.tests.assertions.test_p12_hud_p5" name="test_debug_drawer_uxml_corp_list" time="0.000" /><testcase classname="SimulationCore.tests.assertions.test_p12_hud_p5" name="test_debug_drawer_uxml_references_uss" time="0.000" /><testcase classname="SimulationCore.tests.assertions.test_p12_hud_p5" name="test_debug_drawer_uss_exists" time="0.000" /><testcase classname="SimulationCore.tests.assertions.test_p12_hud_p5" name="test_debug_drawer_uss_main_class" time="0.000" /><testcase classname="SimulationCore.tests.assertions.test_p12_hud_p5" name="test_debug_drawer_uss_corp_row" time="0.000" /><testcase classname="SimulationCore.tests.assertions.test_p12_hud_p5" name="test_debug_drawer_uss_scroll" time="0.000" /><testcase classname="SimulationCore.tests.assertions.test_p12_hud_p5" name="test_gamehud_cs_deleted" time="0.000" /><testcase classname="SimulationCore.tests.assertions.test_p12_hud_p5" name="test_controller_debugdrawer_template_field" time="0.000" /><testcase classname="SimulationCore.tests.assertions.test_p12_hud_p5" name="test_controller_debug_drawer_field" time="0.000" /><testcase classname="SimulationCore.tests.assertions.test_p12_hud_p5" name="test_controller_debug_status_field" time="0.000" /><testcase classname="SimulationCore.tests.assertions.test_p12_hud_p5" name="test_controller_debug_corp_list_field" time="0.000" /><testcase classname="SimulationCore.tests.assertions.test_p12_hud_p5" name="test_controller_build_debug_drawer_method" time="0.000" /><testcase classname="SimulationCore.tests.assertions.test_p12_hud_p5" name="test_controller_toggle_debug_drawer_method" time="0.000" /><testcase classname="SimulationCore.tests.assertions.test_p12_hud_p5" name="test_controller_refresh_corps_method" time="0.000" /><testcase classname="SimulationCore.tests.assertions.test_p12_hud_p5" name="test_controller_rebuild_corp_list_method" time="0.000" /><testcase classname="SimulationCore.tests.assertions.test_p12_hud_p5" name="test_controller_update_method" time="0.000" /><testcase classname="SimulationCore.tests.assertions.test_p12_hud_p5" name="test_controller_f9_key" time="0.000" /><testcase classname="SimulationCore.tests.assertions.test_p12_hud_p5" name="test_controller_f10_key" time="0.000" /><testcase classname="SimulationCore.tests.assertions.test_p12_hud_p5" name="test_controller_input_system_using" time="0.000" /><testcase classname="SimulationCore.tests.assertions.test_p12_hud_p5" name="test_scene_setup_helper_no_gamehud_type" time="0.000" /><testcase classname="SimulationCore.tests.assertions.test_p12_hud_p5" name="test_scene_setup_helper_has_gamehudcontroller" time="0.000" /><testcase classname="SimulationCore.tests.assertions.test_p12_sprint_db" name="test_p12_sprint_db_suite" time="7.711" /><testcase classname="SimulationCore.tests.assertions.test_p85_agents" name="test_p85_agents_suite" time="0.866" /><testcase classname="SimulationCore.tests.assertions.test_p8_events" name="test_event_data_model" time="0.000" /><testcase classname="SimulationCore.tests.assertions.test_p8_events" name="test_event_types_enum" time="0.000" /><testcase classname="SimulationCore.tests.assertions.test_p8_events" name="test_event_effect_model" time="0.000" /><testcase classname="SimulationCore.tests.assertions.test_p8_events" name="test_event_resolution" time="0.000" /><testcase classname="SimulationCore.tests.assertions.test_p94_prices" name="test_p94_prices_suite" time="0.564" /><testcase classname="SimulationCore.tests.assertions.test_p95_global" name="test_p95_global_suite" time="0.599" /><testcase classname="SimulationCore.tests.assertions.test_p96_employment" name="test_p96_employment_suite" time="1.699" /><testcase classname="SimulationCore.tests.assertions.test_p9_trade" name="test_p9_trade_suite" time="0.563" /><testcase classname="SimulationCore.tests.assertions.test_p_colonisation_terre" name="test_phase_colonisation_suite" time="1.711" /><testcase classname="SimulationCore.tests.assertions.test_p_leaderboard" name="test_p_leaderboard_suite" time="0.618" /><testcase classname="SimulationCore.tests.assertions.test_p_travel_events" name="test_p_travel_events_suite" time="0.543" /><testcase classname="SimulationCore.tests.test_phase105_construction" name="test_construction_item_defaults" time="0.000" /><testcase classname="SimulationCore.tests.test_phase105_construction" name="test_territory_queue_defaults" time="0.000" /><testcase classname="SimulationCore.tests.test_phase105_construction" name="test_construction_item_roundtrip" time="0.000" /><testcase classname="SimulationCore.tests.test_phase105_construction" name="test_territory_queue_roundtrip" time="0.001" /><testcase classname="SimulationCore.tests.test_phase105_construction" name="test_building_construction_cost_all_types" time="0.000" /><testcase classname="SimulationCore.tests.test_phase105_construction" name="test_construction_status_enum" time="0.000" /><testcase classname="SimulationCore.tests.test_phase105_construction" name="test_construct_returns_construction_item" time="0.267" /><testcase classname="SimulationCore.tests.test_phase105_construction" name="test_building_not_in_registry_before_completion" time="0.350" /><testcase classname="SimulationCore.tests.test_phase105_construction" name="test_no_capacity_means_no_completion" time="0.231" /><testcase classname="SimulationCore.tests.test_phase105_construction" name="test_building_completes_with_eb_de_fortune" time="0.417" /><testcase classname="SimulationCore.tests.test_phase105_construction" name="test_overflow_completes_second_item_same_tick" time="0.219" /><testcase classname="SimulationCore.tests.test_phase105_construction" name="test_duplicate_building_type_raises" time="0.572" /><testcase classname="SimulationCore.tests.test_phase105_construction" name="test_cancel_construction_item" time="0.234" /><testcase classname="SimulationCore.tests.test_phase105_construction" name="test_cancel_unknown_item_raises" time="0.232" /><testcase classname="SimulationCore.tests.test_phase105_construction" name="test_list_queues_filters_by_corp" time="0.631" /><testcase classname="SimulationCore.tests.test_phase105_construction" name="test_bootstrap_wipes_construction_queues" time="0.915" /><testcase classname="SimulationCore.tests.test_phase10_caravane" name="test_land_expedition_colonises_unclaimed_tile" time="0.236" /><testcase classname="SimulationCore.tests.test_phase10_caravane" name="test_land_expedition_does_not_steal_already_claimed_tile" time="0.222" /><testcase classname="SimulationCore.tests.test_phase10_caravane" name="test_space_expedition_does_not_colonise" time="0.847" /><testcase classname="SimulationCore.tests.test_phase111_world_agent" name="test_world_agent_cycle_empty_world" time="0.226" /><testcase classname="SimulationCore.tests.test_phase111_world_agent" name="test_world_agent_cycle_includes_ai_states" time="0.232" /><testcase classname="SimulationCore.tests.test_phase111_world_agent" name="test_world_agent_cycle_includes_ai_corps" time="0.227" /><testcase classname="SimulationCore.tests.test_phase111_world_agent" name="test_world_agent_cycle_mixed" time="1.009" /><testcase classname="SimulationCore.tests.test_phase111_world_agent" name="test_trigger_agent_for_entity_ai_state" time="0.226" /><testcase classname="SimulationCore.tests.test_phase111_world_agent" name="test_trigger_agent_for_entity_ai_corp" time="0.222" /><testcase classname="SimulationCore.tests.test_phase111_world_agent" name="test_trigger_agent_for_entity_unknown_raises" time="0.230" /><testcase classname="SimulationCore.tests.test_phase111_world_agent" name="test_trigger_agent_for_human_state_raises" time="1.179" /><testcase classname="SimulationCore.tests.test_phase111_world_agent" name="test_get_ai_state_ids_near_tile_no_h3" time="0.225" /><testcase classname="SimulationCore.tests.test_phase111_world_agent" name="test_world_agent_cycle_spawns_daemon_threads" time="0.234" /><testcase classname="SimulationCore.tests.test_phase112_corp_fsm" name="test_T01_corp_profile_values" time="0.000" /><testcase classname="SimulationCore.tests.test_phase112_corp_fsm" name="test_T02_bot_fsm_state_values" time="0.000" /><testcase classname="SimulationCore.tests.test_phase112_corp_fsm" name="test_T03_corporation_data_defaults" time="0.000" /><testcase classname="SimulationCore.tests.test_phase112_corp_fsm" name="test_T04_agent_action_type_new_members" time="0.000" /><testcase classname="SimulationCore.tests.test_phase112_corp_fsm" name="test_T05_corporation_data_round_trip_json" time="0.001" /><testcase classname="SimulationCore.tests.test_phase112_corp_fsm" name="test_T06_economiste_idle_low_credits" time="0.001" /><testcase classname="SimulationCore.tests.test_phase112_corp_fsm" name="test_T07_economiste_building_bottleneck" time="0.001" /><testcase classname="SimulationCore.tests.test_phase112_corp_fsm" name="test_T08_economiste_trading_high_price" time="0.000" /><testcase classname="SimulationCore.tests.test_phase112_corp_fsm" name="test_T09_expansionniste_expanding" time="0.000" /><testcase classname="SimulationCore.tests.test_phase112_corp_fsm" name="test_T10_expansionniste_idle_no_free_tiles" time="0.000" /><testcase classname="SimulationCore.tests.test_phase112_corp_fsm" name="test_T11_militariste_raiding" time="0.000" /><testcase classname="SimulationCore.tests.test_phase112_corp_fsm" name="test_T12_militariste_idle_no_rivals" time="0.000" /><testcase classname="SimulationCore.tests.test_phase112_corp_fsm" name="test_T13_actions_expanding_claim_tile" time="0.000" /><testcase classname="SimulationCore.tests.test_phase112_corp_fsm" name="test_T14_actions_raiding_noop_stub" time="0.000" /><testcase classname="SimulationCore.tests.test_phase112_corp_fsm" name="test_T15_pick_building_low_food" time="0.000" /><testcase classname="SimulationCore.tests.test_phase112_corp_fsm" name="test_T16_register_corp_with_profile" time="0.454" /><testcase classname="SimulationCore.tests.test_phase112_corp_fsm" name="test_T17_build_corp_snapshot_locked" time="1.600" /><testcase classname="SimulationCore.tests.test_phase112_corp_fsm" name="test_T18_process_bot_tick_locked_smoke" time="0.797" /><testcase classname="SimulationCore.tests.test_phase112_corp_fsm" name="test_T19_run_world_agent_cycle_includes_ai_corps" time="1.109" /><testcase classname="SimulationCore.tests.test_phase112_corp_fsm" name="test_T20_trigger_agent_for_entity_corp" time="0.728" /><testcase classname="SimulationCore.tests.test_phase112_llm_corp" name="test_T01_economiste_system_prompt" time="0.000" /><testcase classname="SimulationCore.tests.test_phase112_llm_corp" name="test_T02_expansionniste_system_prompt" time="0.000" /><testcase classname="SimulationCore.tests.test_phase112_llm_corp" name="test_T03_militariste_system_prompt" time="0.000" /><testcase classname="SimulationCore.tests.test_phase112_llm_corp" name="test_T04_context_includes_corp_and_environment" time="0.000" /><testcase classname="SimulationCore.tests.test_phase112_llm_corp" name="test_T05_context_includes_scoreboard" time="0.000" /><testcase classname="SimulationCore.tests.test_phase112_llm_corp" name="test_T06_context_includes_memory" time="0.000" /><testcase classname="SimulationCore.tests.test_phase112_llm_corp" name="test_T07_context_includes_recent_events" time="0.000" /><testcase classname="SimulationCore.tests.test_phase112_llm_corp" name="test_T08_corp_tools_schema_has_four_tools" time="0.000" /><testcase classname="SimulationCore.tests.test_phase112_llm_corp" name="test_T09_parse_json_update_fsm_thresholds" time="0.000" /><testcase classname="SimulationCore.tests.test_phase112_llm_corp" name="test_T10_parse_tool_call_update_fsm_thresholds" time="0.000" /><testcase classname="SimulationCore.tests.test_phase112_llm_corp" name="test_T11_parse_json_reorder_construction_queue" time="0.000" /><testcase classname="SimulationCore.tests.test_phase112_llm_corp" name="test_T12_parse_tool_call_reorder_construction_queue" time="0.000" /><testcase classname="SimulationCore.tests.test_phase112_llm_corp" name="test_T13_parse_json_claim_tile" time="0.000" /><testcase classname="SimulationCore.tests.test_phase112_llm_corp" name="test_T14_run_corp_agent_noop_when_no_env" time="0.000" /><testcase classname="SimulationCore.tests.test_phase112_llm_corp" name="test_T15_run_corp_agent_parses_llm_json" time="0.000" /><testcase classname="SimulationCore.tests.test_phase112_llm_corp" name="test_T16_run_corp_agent_fallback_on_exception" time="0.000" /><testcase classname="SimulationCore.tests.test_phase112_llm_corp" name="test_T17_get_corp_agent_context_returns_dict" time="2.057" /><testcase classname="SimulationCore.tests.test_phase112_llm_corp" name="test_T18_get_corp_agent_context_none_for_unknown" time="0.478" /><testcase classname="SimulationCore.tests.test_phase112_llm_corp" name="test_T19_run_agent_for_corp_raises_for_unknown" time="0.473" /><testcase classname="SimulationCore.tests.test_phase112_llm_corp" name="test_T20_run_agent_for_corp_noop_without_llm_env" time="0.455" /><testcase classname="SimulationCore.tests.test_phase113_gm" name="test_T01_imbalance_zero_with_one_corp" time="0.000" /><testcase classname="SimulationCore.tests.test_phase113_gm" name="test_T02_imbalance_zero_with_empty_scoreboard" time="0.000" /><testcase classname="SimulationCore.tests.test_phase113_gm" name="test_T03_imbalance_balanced" time="0.000" /><testcase classname="SimulationCore.tests.test_phase113_gm" name="test_T04_imbalance_unbalanced" time="0.000" /><testcase classname="SimulationCore.tests.test_phase113_gm" name="test_T05_imbalance_ignores_zero_score_corps" time="0.000" /><testcase classname="SimulationCore.tests.test_phase113_gm" name="test_T06_detect_imbalance_false_below_threshold" time="0.000" /><testcase classname="SimulationCore.tests.test_phase113_gm" name="test_T07_detect_imbalance_true_above_threshold" time="0.000" /><testcase classname="SimulationCore.tests.test_phase113_gm" name="test_T08_detect_imbalance_default_threshold" time="0.000" /><testcase classname="SimulationCore.tests.test_phase113_gm" name="test_T09_pick_gm_lever_alien_pop_when_no_context" time="0.000" /><testcase classname="SimulationCore.tests.test_phase113_gm" name="test_T10_pick_gm_lever_alien_pop_when_unknown_last" time="0.000" /><testcase classname="SimulationCore.tests.test_phase113_gm" name="test_T11_gm_check_returns_none_when_no_corps" time="1.939" /><testcase classname="SimulationCore.tests.test_phase113_gm" name="test_T12_gm_check_returns_none_when_balanced" time="0.447" /><testcase classname="SimulationCore.tests.test_phase113_gm" name="test_T13_gm_check_returns_lever_when_imbalanced" time="0.683" /><testcase classname="SimulationCore.tests.test_phase113_gm" name="test_T14_gm_check_cooldown_prevents_second_call" time="0.456" /><testcase classname="SimulationCore.tests.test_phase113_gm" name="test_T15_bootstrap_resets_gm_state" time="2.318" /><testcase classname="SimulationCore.tests.test_phase113_gm" name="test_T16_state_type_alien_value" time="0.000" /><testcase classname="SimulationCore.tests.test_phase113_gm" name="test_T17_event_type_megastructure_and_empire_values" time="0.000" /><testcase classname="SimulationCore.tests.test_phase113_gm" name="test_T18_pick_gm_lever_empire_when_ratio_high" time="0.000" /><testcase classname="SimulationCore.tests.test_phase113_gm" name="test_T19_pick_gm_lever_alien_pop_after_empire" time="0.000" /><testcase classname="SimulationCore.tests.test_phase113_gm" name="test_T20_pick_gm_lever_megastructure_after_alien_pop" time="0.000" /><testcase classname="SimulationCore.tests.test_phase113_gm" name="test_T21_pick_gm_lever_alien_pop_when_ratio_low_and_no_last" time="0.000" /><testcase classname="SimulationCore.tests.test_phase113_gm" name="test_T22_build_alien_pop_plan_returns_n_tiles" time="0.000" /><testcase classname="SimulationCore.tests.test_phase113_gm" name="test_T23_execute_alien_pop_creates_alien_state" time="0.451" /><testcase classname="SimulationCore.tests.test_phase113_gm" name="test_T24_execute_megastructure_injects_event" time="0.444" /><testcase classname="SimulationCore.tests.test_phase113_gm" name="test_T25_execute_empire_galactique_creates_state_and_events" time="0.447" /><testcase classname="SimulationCore.tests.test_phase115_ecology" name="test_T01_species_data_default_density" time="0.000" /><testcase classname="SimulationCore.tests.test_phase115_ecology" name="test_T02_registry_has_six_species" time="0.000" /><testcase classname="SimulationCore.tests.test_phase115_ecology" name="test_T03_plant_species_set" time="0.000" /><testcase classname="SimulationCore.tests.test_phase115_ecology" name="test_T04_growth_when_viable" time="0.000" /><testcase classname="SimulationCore.tests.test_phase115_ecology" name="test_T05_decline_when_temp_out_of_range" time="0.000" /><testcase classname="SimulationCore.tests.test_phase115_ecology" name="test_T06_decline_when_o2_too_low" time="0.000" /><testcase classname="SimulationCore.tests.test_phase115_ecology" name="test_T07_animal_requires_vegetation" time="0.000" /><testcase classname="SimulationCore.tests.test_phase115_ecology" name="test_T08_density_capped_at_one" time="0.000" /><testcase classname="SimulationCore.tests.test_phase115_ecology" name="test_T09_tile_ecology_same_count" time="0.000" /><testcase classname="SimulationCore.tests.test_phase115_ecology" name="test_T10_aggregate_ecology_output" time="0.000" /><testcase classname="SimulationCore.tests.test_phase115_ecology" name="test_T11_seed_roche_returns_empty" time="0.000" /><testcase classname="SimulationCore.tests.test_phase115_ecology" name="test_T12_seed_eau_returns_algae" time="0.001" /><testcase classname="SimulationCore.tests.test_phase115_ecology" name="test_T13_seed_vegetation_returns_four" time="0.000" /><testcase classname="SimulationCore.tests.test_phase115_ecology" name="test_T14_seed_glace_returns_cyanobacteria" time="0.000" /><testcase classname="SimulationCore.tests.test_phase115_ecology" name="test_T15_tile_has_species_not_vegetation_density" time="0.000" /><testcase classname="SimulationCore.tests.test_phase115_ecology" name="test_T16_body_has_ecology_resources" time="0.000" /><testcase classname="SimulationCore.tests.test_phase115_ecology" name="test_T17_process_ecology_tick_no_error" time="0.000" /><testcase classname="SimulationCore.tests.test_phase115_ecology" name="test_T18_process_ecology_updates_resources" time="0.000" /><testcase classname="SimulationCore.tests.test_phase11_persistence" name="test_T01_hydrate_restores_region_mutations" time="0.223" /><testcase classname="SimulationCore.tests.test_phase11_persistence" name="test_T02_hydrate_ignores_malformed_cell_json" time="2.118" /><testcase classname="SimulationCore.tests.test_phase11_persistence" name="test_T03_bootstrap_calls_clear_cell_mutations" time="0.471" /><testcase classname="SimulationCore.tests.test_phase11_spaceport" name="test_T01_spaceport_present_travel_succeeds" time="0.228" /><testcase classname="SimulationCore.tests.test_phase11_spaceport" name="test_T02_no_spaceport_raises_value_error" time="0.225" /><testcase classname="SimulationCore.tests.test_phase11_spaceport" name="test_T03_empty_faction_id_bypasses_spaceport_check" time="0.225" /><testcase classname="SimulationCore.tests.test_phase12_building_level" name="test_building_level_default" time="0.000" /><testcase classname="SimulationCore.tests.test_phase12_building_level" name="test_building_level_explicit" time="0.000" /><testcase classname="SimulationCore.tests.test_phase12_building_level" name="test_building_level_json_roundtrip" time="0.000" /><testcase classname="SimulationCore.tests.test_phase12_building_level" name="test_building_level_range_clamp_by_validator" time="0.000" /><testcase classname="SimulationCore.tests.test_phase12_building_level" name="test_upgrade_building" time="0.000" /><testcase classname="SimulationCore.tests.test_phase12_building_level" name="test_upgrade_building_clamp_max" time="0.000" /><testcase classname="SimulationCore.tests.test_phase12_building_level" name="test_downgrade_building" time="0.000" /><testcase classname="SimulationCore.tests.test_phase12_building_level" name="test_downgrade_building_clamp_min" time="0.000" /><testcase classname="SimulationCore.tests.test_phase12_building_level" name="test_upgrade_building_not_found" time="0.000" /><testcase classname="SimulationCore.tests.test_phase12_building_level" name="test_upgrade_corp_not_found" time="0.000" /><testcase classname="SimulationCore.tests.test_phase12_building_level" name="test_multiple_upgrades" time="0.000" /><testcase classname="SimulationCore.tests.test_phase12_building_level" name="test_upgrade_then_downgrade" time="0.000" /><testcase classname="SimulationCore.tests.test_phase73_market" name="test_local_market_state_roundtrip" time="0.000" /><testcase classname="SimulationCore.tests.test_phase73_market" name="test_population_tier_roundtrip" time="0.000" /><testcase classname="SimulationCore.tests.test_phase73_market" name="test_compute_population_demand_aggregates_classes" time="0.000" /><testcase classname="SimulationCore.tests.test_phase73_market" name="test_compute_market_prices_price_rises_on_scarcity" time="0.000" /><testcase classname="SimulationCore.tests.test_phase73_market" name="test_compute_market_prices_price_falls_on_surplus" time="0.000" /><testcase classname="SimulationCore.tests.test_phase73_market" name="test_apply_social_mobility_full_employment_promotes_poor" time="0.000" /><testcase classname="SimulationCore.tests.test_phase73_market" name="test_apply_social_mobility_zero_employment_demotes_middle" time="0.000" /><testcase classname="SimulationCore.tests.test_phase74_contracts" name="test_contract_data_roundtrip" time="0.000" /><testcase classname="SimulationCore.tests.test_phase74_contracts" name="test_can_propose_contract_ok" time="0.000" /><testcase classname="SimulationCore.tests.test_phase74_contracts" name="test_can_propose_contract_rejects_insufficient_credits" time="0.000" /><testcase classname="SimulationCore.tests.test_phase74_contracts" name="test_can_bid_public_contract_ok" time="0.000" /><testcase classname="SimulationCore.tests.test_phase74_contracts" name="test_can_bid_contract_rejects_past_deadline" time="0.000" /><testcase classname="SimulationCore.tests.test_phase74_contracts" name="test_can_accept_private_contract_ok" time="0.001" /><testcase classname="SimulationCore.tests.test_phase74_contracts" name="test_can_accept_private_wrong_target" time="0.000" /><testcase classname="SimulationCore.tests.test_phase74_contracts" name="test_process_delivery_tick_delivers_partially" time="0.000" /><testcase classname="SimulationCore.tests.test_phase74_contracts" name="test_process_delivery_tick_completes_contract" time="0.000" /><testcase classname="SimulationCore.tests.test_phase74_contracts" name="test_apply_completion_transfers_credits_and_knowledge_bonus" time="0.000" /><testcase classname="SimulationCore.tests.test_phase74_contracts" name="test_apply_break_deducts_penalty_from_breaker" time="0.001" /><testcase classname="SimulationCore.tests.test_phase74_contracts" name="test_check_bidding_expiry_detects_expired_window" time="0.000" /><testcase classname="SimulationCore.tests.test_phase75_states" name="test_state_data_roundtrip_with_tax_rate" time="0.000" /><testcase classname="SimulationCore.tests.test_phase75_states" name="test_scoreboard_entry_roundtrip" time="0.000" /><testcase classname="SimulationCore.tests.test_phase75_states" name="test_compute_tolerance_score_returns_zero_for_empty_state" time="0.000" /><testcase classname="SimulationCore.tests.test_phase75_states" name="test_compute_tolerance_score_grows_with_territory" time="0.000" /><testcase classname="SimulationCore.tests.test_phase75_states" name="test_compute_tolerance_score_increases_with_broken_contracts" time="0.000" /><testcase classname="SimulationCore.tests.test_phase75_states" name="test_compute_nationalization_delay_formula" time="0.000" /><testcase classname="SimulationCore.tests.test_phase75_states" name="test_apply_reputation_event_updates_global_reputation" time="0.000" /><testcase classname="SimulationCore.tests.test_phase75_states" name="test_apply_reputation_event_negative_delta" time="0.000" /><testcase classname="SimulationCore.tests.test_phase75_states" name="test_compute_bribe_cost_scales_with_ticks_remaining" time="0.000" /><testcase classname="SimulationCore.tests.test_phase75_states" name="test_can_corrupt_nationalization_rejects_poor_corp" time="0.000" /><testcase classname="SimulationCore.tests.test_phase75_states" name="test_can_corrupt_nationalization_accepts_rich_corp" time="0.000" /><testcase classname="SimulationCore.tests.test_phase85_agent_behavior" name="test_s1_high_dominance_nationalist_reacts" time="94.403" /><testcase classname="SimulationCore.tests.test_phase85_agent_behavior" name="test_s2_peaceful_capitalist_accepts_noop" time="23.308" /><testcase classname="SimulationCore.tests.test_phase85_agent_behavior" name="test_s3_recent_broken_contracts_triggers_response" time="12.976" /><testcase classname="SimulationCore.tests.test_phase85_agent_behavior" name="test_s4_nationalist_more_reactive_than_capitalist" time="19.784" /><testcase classname="SimulationCore.tests.test_phase85_agent_benchmark" name="test_bench_json_parse[Gemma4-A4B]" time="4.232" /><testcase classname="SimulationCore.tests.test_phase85_agent_benchmark" name="test_bench_tools_call[Gemma4-A4B]" time="4.408" /><testcase classname="SimulationCore.tests.test_phase85_agent_benchmark" name="test_bench_stable_noop[Gemma4-A4B]" time="9.381" /><testcase classname="SimulationCore.tests.test_phase85_agent_benchmark" name="test_bench_nationalist_react[Gemma4-A4B]" time="21.751" /><testcase classname="SimulationCore.tests.test_phase85_agent_benchmark" name="test_bench_capitalist_crisis[Gemma4-A4B]" time="9.132" /><testcase classname="SimulationCore.tests.test_phase85_agent_benchmark" name="test_bench_mcp_advance_tick[Gemma4-A4B]" time="5.879" /><testcase classname="SimulationCore.tests.test_phase85_agent_benchmark" name="test_bench_mcp_world_inspect[Gemma4-A4B]" time="5.151" /><testcase classname="SimulationCore.tests.test_phase85_agent_benchmark" name="test_bench_mcp_irrigate_cell[Gemma4-A4B]" time="7.541" /><testcase classname="SimulationCore.tests.test_phase85_agent_benchmark" name="test_bench_mcp_open_region[Gemma4-A4B]" time="6.672" /><testcase classname="SimulationCore.tests.test_phase85_agent_benchmark" name="test_bench_mcp_coherence_check[Gemma4-A4B]" time="3.087" /><testcase classname="SimulationCore.tests.test_phase85_agent_llm" name="test_call_llm_json_returns_parseable_dict" time="2.964" /><testcase classname="SimulationCore.tests.test_phase85_agent_llm" name="test_call_llm_tools_returns_valid_tool_name" time="58.263"><failure message="KeyError: 'tool_calls'">E   KeyError: 'tool_calls'</failure></testcase><testcase classname="SimulationCore.tests.test_phase85_agent_llm" name="test_run_agent_json_mode_returns_valid_action" time="12.283" /><testcase classname="SimulationCore.tests.test_phase85_agent_llm" name="test_run_agent_tools_mode_returns_valid_action" time="92.565" /><testcase classname="SimulationCore.tests.test_phase85_agent_llm" name="test_run_agent_json_mode_reasoning_not_empty" time="14.729" /><testcase classname="SimulationCore.tests.test_phase85_agent_llm" name="test_run_agent_high_pressure_nationalist" time="24.211" /><testcase classname="SimulationCore.tests.test_phase85_agent_logic" name="test_build_system_prompt_capitalist" time="0.000" /><testcase classname="SimulationCore.tests.test_phase85_agent_logic" name="test_build_system_prompt_nationalist" time="0.000" /><testcase classname="SimulationCore.tests.test_phase85_agent_logic" name="test_build_state_context_minimal" time="0.000" /><testcase classname="SimulationCore.tests.test_phase85_agent_logic" name="test_build_state_context_full" time="0.000" /><testcase classname="SimulationCore.tests.test_phase85_agent_logic" name="test_build_state_context_memory_rolling_max_5" time="0.000" /><testcase classname="SimulationCore.tests.test_phase85_agent_logic" name="test_parse_action_from_json_set_tolerance" time="0.000" /><testcase classname="SimulationCore.tests.test_phase85_agent_logic" name="test_parse_action_from_json_unknown_action" time="0.000" /><testcase classname="SimulationCore.tests.test_phase85_agent_logic" name="test_parse_action_from_json_malformed_input" time="0.000" /><testcase classname="SimulationCore.tests.test_phase85_agent_logic" name="test_parse_action_from_tool_call_noop" time="0.000" /><testcase classname="SimulationCore.tests.test_phase85_agent_logic" name="test_parse_action_from_tool_call_nationalization" time="0.000" /><testcase classname="SimulationCore.tests.test_phase85_agent_logic" name="test_run_agent_no_env_vars_returns_noop" time="0.001" /><testcase classname="SimulationCore.tests.test_phase85_agent_models" name="test_agent_action_type_values" time="0.000" /><testcase classname="SimulationCore.tests.test_phase85_agent_models" name="test_agent_action_round_trip" time="0.000" /><testcase classname="SimulationCore.tests.test_phase85_agent_models" name="test_agent_memory_defaults" time="0.000" /><testcase classname="SimulationCore.tests.test_phase85_agent_models" name="test_state_data_is_ai_controlled_default_false" time="0.000" /><testcase classname="SimulationCore.tests.test_phase85_agent_models" name="test_state_data_is_ai_controlled_can_be_true" time="0.000" /><testcase classname="SimulationCore.tests.test_phase85_agent_scenarios" name="test_scenario_set_tolerance_applies_to_runtime" time="0.247" /><testcase classname="SimulationCore.tests.test_phase85_agent_scenarios" name="test_scenario_memory_accumulates_and_capped" time="0.239" /><testcase classname="SimulationCore.tests.test_phase85_agent_scenarios" name="test_scenario_real_llm_memory_grows" time="39.661" /><testcase classname="SimulationCore.tests.test_phase85_agent_scenarios" name="test_scenario_nationalist_under_pressure" time="11.868" /><testcase classname="SimulationCore.tests.test_phase8_events" name="test_event_type_enum" time="0.000" /><testcase classname="SimulationCore.tests.test_phase8_events" name="test_event_effect_defaults" time="0.000" /><testcase classname="SimulationCore.tests.test_phase8_events" name="test_event_data_defaults" time="0.000" /><testcase classname="SimulationCore.tests.test_phase8_events" name="test_draw_event_returns_event_data" time="0.000" /><testcase classname="SimulationCore.tests.test_phase8_events" name="test_draw_event_distribution" time="0.003" /><testcase classname="SimulationCore.tests.test_phase8_events" name="test_apply_event_credits_delta" time="0.000" /><testcase classname="SimulationCore.tests.test_phase8_events" name="test_apply_event_credits_floor_zero" time="0.000" /><testcase classname="SimulationCore.tests.test_phase8_events" name="test_apply_event_resource_delta" time="0.000" /><testcase classname="SimulationCore.tests.test_phase94_market" name="test_resource_listing_json_roundtrip" time="0.000" /><testcase classname="SimulationCore.tests.test_phase94_market" name="test_price_velocity_on_demand_increase" time="0.000" /><testcase classname="SimulationCore.tests.test_phase94_market" name="test_price_history_bounded_to_10" time="0.000" /><testcase classname="SimulationCore.tests.test_phase94_market" name="test_price_velocity_init_zero" time="0.000" /><testcase classname="SimulationCore.tests.test_phase95_global_market" name="test_global_market_state_model" time="0.000" /><testcase classname="SimulationCore.tests.test_phase95_global_market" name="test_compute_global_market_aggregation" time="0.000" /><testcase classname="SimulationCore.tests.test_phase95_global_market" name="test_compute_global_market_empty" time="0.000" /><testcase classname="SimulationCore.tests.test_phase95_global_market" name="test_global_market_roundtrip" time="0.000" /><testcase classname="SimulationCore.tests.test_phase95_resources" name="test_resource_type_values" time="0.001" /><testcase classname="SimulationCore.tests.test_phase95_resources" name="test_tradable_resources_includes_new" time="0.000" /><testcase classname="SimulationCore.tests.test_phase95_resources" name="test_resource_listing_roundtrip" time="0.000" /><testcase classname="SimulationCore.tests.test_phase95_resources" name="test_init_market_listings" time="0.000" /><testcase classname="SimulationCore.tests.test_phase96_employment" name="test_employment_configs_exist" time="0.000" /><testcase classname="SimulationCore.tests.test_phase96_employment" name="test_mine_employment_slots" time="0.000" /><testcase classname="SimulationCore.tests.test_phase96_employment" name="test_road_employment_slots_empty" time="0.000" /><testcase classname="SimulationCore.tests.test_phase96_employment" name="test_building_data_employment_slots_roundtrip" time="0.001" /><testcase classname="SimulationCore.tests.test_phase96_employment" name="test_worker_ratio_calculation" time="0.000" /><testcase classname="SimulationCore.tests.test_phase96_employment" name="test_road_worker_ratio_unaffected" time="0.000" /><testcase classname="SimulationCore.tests.test_phase96_expeditions" name="test_expedition_unit_cargo_roundtrip" time="0.000" /><testcase classname="SimulationCore.tests.test_phase96_expeditions" name="test_expedition_unit_cargo_default_empty" time="0.000" /><testcase classname="SimulationCore.tests.test_phase96_expeditions" name="test_expedition_status_default" time="0.000" /><testcase classname="SimulationCore.tests.test_phase96_expeditions" name="test_trade_route_roundtrip" time="0.000" /><testcase classname="SimulationCore.tests.test_phase96_expeditions" name="test_runtime_trade_route_and_expedition" time="0.257" /><testcase classname="SimulationCore.tests.test_phase96_expeditions" name="test_runtime_delete_trade_route" time="2.804" /><testcase classname="SimulationCore.tests.test_phase96_income" name="test_population_tier_roundtrip_with_avg_income" time="0.000" /><testcase classname="SimulationCore.tests.test_phase96_income" name="test_population_tier_default_avg_income" time="0.000" /><testcase classname="SimulationCore.tests.test_phase96_income" name="test_compute_population_demand_weighted_by_income" time="0.000" /><testcase classname="SimulationCore.tests.test_phase96_income" name="test_auto_init_tile_population_seeds_income" time="0.000" /><testcase classname="SimulationCore.tests.test_phase96_income" name="test_apply_social_mobility_updates_avg_income" time="0.000" /><testcase classname="SimulationCore.tests.test_phase96_income" name="test_apply_social_mobility_clamps_income_within_bounds" time="0.001" /><testcase classname="SimulationCore.tests.test_phase9_models" name="test_building_type_extended" time="0.000" /><testcase classname="SimulationCore.tests.test_phase9_models" name="test_building_configs_has_infrastructure" time="0.000" /><testcase classname="SimulationCore.tests.test_phase9_models" name="test_event_type_phase9" time="0.000" /><testcase classname="SimulationCore.tests.test_phase9_models" name="test_trade_route_type_values" time="0.000" /><testcase classname="SimulationCore.tests.test_phase9_models" name="test_trade_route_status_values" time="0.000" /><testcase classname="SimulationCore.tests.test_phase9_models" name="test_expedition_status_values" time="0.000" /><testcase classname="SimulationCore.tests.test_phase9_models" name="test_trade_route_defaults" time="0.000" /><testcase classname="SimulationCore.tests.test_phase9_models" name="test_trade_route_roundtrip" time="0.000" /><testcase classname="SimulationCore.tests.test_phase9_models" name="test_expedition_unit_defaults" time="0.000" /><testcase classname="SimulationCore.tests.test_phase9_models" name="test_expedition_unit_roundtrip" time="0.000" /><testcase classname="SimulationCore.tests.test_phase9_models" name="test_expedition_unit_orbital_phantom" time="0.000" /><testcase classname="SimulationCore.tests.test_phase9_models" name="test_route_type_building_prerequisite_mapping" time="0.001" /><testcase classname="SimulationCore.tests.test_phase9_runtime" name="test_expedition_unit_defaults" time="0.000" /><testcase classname="SimulationCore.tests.test_phase9_runtime" name="test_expedition_unit_roundtrip" time="0.000" /><testcase classname="SimulationCore.tests.test_phase9_runtime" name="test_trade_route_defaults" time="0.000" /><testcase classname="SimulationCore.tests.test_phase9_runtime" name="test_trade_route_roundtrip" time="0.000" /><testcase classname="SimulationCore.tests.test_phase9_runtime" name="test_expedition_status_enum" time="0.000" /><testcase classname="SimulationCore.tests.test_phase9_runtime" name="test_trade_route_activity_status_enum" time="0.000" /><testcase classname="SimulationCore.tests.test_phase9_runtime" name="test_trade_route_type_enum" time="0.000" /><testcase classname="SimulationCore.tests.test_phase9_runtime" name="test_expedition_orbital_phantom" time="0.000" /><testcase classname="SimulationCore.tests.test_phase_earth_colonization" name="test_T01_all_terrestrial_tiles_have_territory" time="0.864" /><testcase classname="SimulationCore.tests.test_phase_earth_colonization" name="test_T02_no_open_ocean_tile_claimed" time="0.001" /><testcase classname="SimulationCore.tests.test_phase_earth_colonization" name="test_T03_no_ice_tile_claimed" time="0.001" /><testcase classname="SimulationCore.tests.test_phase_earth_colonization" name="test_T04_population_seeded_on_territories" time="0.000" /><testcase classname="SimulationCore.tests.test_phase_earth_colonization" name="test_T05_pop_factor_ordering_standalone" time="0.000" /><testcase classname="SimulationCore.tests.test_phase_earth_colonization" name="test_T05_coastal_vegetation_higher_pop_than_roche" time="0.002" /><testcase classname="SimulationCore.tests.test_phase_earth_colonization" name="test_T06_seven_nation_states_created" time="0.000" /><testcase classname="SimulationCore.tests.test_phase_earth_colonization" name="test_T07_territories_are_contiguous" time="0.002" /><testcase classname="SimulationCore.tests.test_phase_earth_colonization" name="test_T08_territory_tile_index_reconstructed" time="0.000" /><testcase classname="SimulationCore.tests.test_phase_leaderboard" name="test_compute_scoreboard_score_formula" time="0.000" /><testcase classname="SimulationCore.tests.test_phase_leaderboard" name="test_compute_scoreboard_score_edge_cases" time="0.000" /><testcase classname="SimulationCore.tests.test_phase_leaderboard" name="test_build_scoreboard_entry" time="0.000" /><testcase classname="SimulationCore.tests.test_phase_leaderboard" name="test_scoreboard_entry_json_roundtrip" time="0.000" /><testcase classname="SimulationCore.tests.test_phase_sprint_db.TestSprintDb" name="test_T01_register_corporation_round_trip" time="0.479" /><testcase classname="SimulationCore.tests.test_phase_sprint_db.TestSprintDb" name="test_T02_claim_tile_ownership_reconstructed" time="0.535" /><testcase classname="SimulationCore.tests.test_phase_sprint_db.TestSprintDb" name="test_T03_propose_contract_round_trip" time="0.476" /><testcase classname="SimulationCore.tests.test_phase_sprint_db.TestSprintDb" name="test_T04_state_and_reputation_round_trip" time="0.497" /><testcase classname="SimulationCore.tests.test_phase_sprint_db.TestSprintDb" name="test_T05_bootstrap_calls_all_clears" time="3.497" /><testcase classname="SimulationCore.tests.test_phase_travel_events" name="test_new_event_types" time="0.000" /><testcase classname="SimulationCore.tests.test_phase_travel_events" name="test_event_data_with_new_types" time="0.000" /><testcase classname="SimulationCore.tests.test_phase_travel_events" name="test_event_effect_for_travel_events" time="0.001" /><testcase classname="SimulationCore.tests.test_phase_travel_events" name="test_event_data_json_roundtrip" time="0.000" /><testcase classname="SimulationCore.tests.test_phase_travel_events" name="test_event_type_enum_values" time="0.000" /><testcase classname="SimulationCore.tests.test_phase_travel_events" name="test_event_effect_json_roundtrip" time="0.000" /><testcase classname="SimulationCore.tests.test_state_tile_colors" name="test_get_body_state_tile_colors" time="0.487" /><testcase classname="SimulationCore.tests.test_state_tile_colors" name="test_get_body_state_tile_colors_unknown_body" time="0.473" /></testsuite></testsuites>